  CHK     include/generated/uapi/linux/version.h
  CC      scripts/mod/devicetable-offsets.s
  GEN     scripts/mod/devicetable-offsets.h
  HOSTCC  scripts/mod/file2alias.o
  CHK     include/generated/utsrelease.h
make[1]: `include/generated/mach-types.h' не требует обновления.
  CALL    scripts/checksyscalls.sh
  HOSTLD  scripts/mod/modpost
  CHK     include/generated/compile.h
  MK_FW   firmware/synaptics/y70/PLG455-V1.22-PR1815058-DS5.2.12.0.1013_40047196.img.gen.S.gen.S
  MK_FW   firmware/synaptics/y70/PLG455-V1.22-PR1815058-DS5.2.12.0.1013_40047196.img.gen.o.gen.S
  AS      firmware/synaptics/y70/PLG455-V1.22-PR1815058-DS5.2.12.0.1013_40047196.img.gen.S.gen.o
  AS      firmware/synaptics/y70/PLG455-V1.22-PR1815058-DS5.2.12.0.1013_40047196.img.gen.o.gen.o
  LD      firmware/built-in.o
  LD      arch/arm/lib/built-in.o
  AS      arch/arm/lib/ashldi3.o
  AS      arch/arm/lib/ashrdi3.o
  AS      arch/arm/lib/backtrace.o
  AS      arch/arm/lib/call_with_stack.o
  AS      arch/arm/lib/changebit.o
  AS      arch/arm/lib/clear_user.o
  AS      arch/arm/lib/clearbit.o
  AS      arch/arm/lib/copy_from_user.o
  AS      arch/arm/lib/copy_page.o
  AS      arch/arm/lib/copy_to_user.o
  AS      arch/arm/lib/csumipv6.o
  AS      arch/arm/lib/csumpartial.o
  AS      arch/arm/lib/csumpartialcopy.o
  CC      drivers/misc/mediatek/accelerometer/bma255/bma255.o
  CC      drivers/mmc/card/block.o
  AS      arch/arm/lib/csumpartialcopyuser.o
  AS      arch/arm/lib/delay-loop.o
  CC      arch/arm/lib/delay.o
  AS      arch/arm/lib/div64.o
  AS      arch/arm/lib/findbit.o
  AS      arch/arm/lib/getuser.o
  AS      arch/arm/lib/io-readsb.o
  CC      drivers/mmc/card/queue.o
  AS      arch/arm/lib/io-readsl.o
  AS      arch/arm/lib/io-readsw-armv4.o
  AS      arch/arm/lib/io-writesb.o
  AS      arch/arm/lib/io-writesl.o
  AS      arch/arm/lib/io-writesw-armv4.o
  AS      arch/arm/lib/lib1funcs.o
  AS      arch/arm/lib/lshrdi3.o
  AS      arch/arm/lib/memchr.o
  AS      arch/arm/lib/memcpy.o
  AS      arch/arm/lib/memmove.o
  AS      arch/arm/lib/memset.o
  AS      arch/arm/lib/memzero.o
  AS      arch/arm/lib/muldi3.o
  AS      arch/arm/lib/putuser.o
  AS      arch/arm/lib/setbit.o
  AS      arch/arm/lib/strchr.o
  AS      arch/arm/lib/strrchr.o
  AS      arch/arm/lib/testchangebit.o
  AS      arch/arm/lib/testclearbit.o
  AS      arch/arm/lib/testsetbit.o
  AS      arch/arm/lib/ucmpdi2.o
  AR      arch/arm/lib/lib.a
  CC      lib/bcd.o
  CC      lib/div64.o
  CC      drivers/mmc/core/core.o
  CC      lib/sort.o
  CC      lib/parser.o
  CC      lib/halfmd4.o
  CC      lib/debug_locks.o
  CC      lib/random32.o
  CC      lib/bust_spinlocks.o
  CC      drivers/mmc/core/bus.o
  CC      lib/hexdump.o
  LD      drivers/mmc/card/mmc_block.o
  LD      drivers/mmc/card/built-in.o
  LD      drivers/mmc/host/built-in.o
  CC      drivers/mmc/core/host.o
  CC      lib/kasprintf.o
  CC      drivers/mmc/core/mmc.o
  CC      lib/bitmap.o
  CC      drivers/mmc/core/mmc_ops.o
  CC      drivers/mmc/core/sd.o
  CC      lib/scatterlist.o
  CC      drivers/mmc/core/sd_ops.o
  CC      drivers/mmc/core/sdio.o
  CC      drivers/mmc/core/sdio_ops.o
  CC      lib/gcd.o
  CC      lib/lcm.o
  CC      lib/list_sort.o
  CC      drivers/mmc/core/sdio_bus.o
  CC      lib/uuid.o
  CC      drivers/mmc/core/sdio_cis.o
  CC      lib/flex_array.o
  CC      drivers/mmc/core/sdio_io.o
  CC      drivers/mmc/core/sdio_irq.o
  CC      lib/iovec.o
  CC      drivers/mmc/core/quirks.o
  CC      lib/bsearch.o
  CC      lib/find_last_bit.o
  CC      drivers/mmc/core/slot-gpio.o
  CC      drivers/mmc/core/debugfs.o
  CC      lib/find_next_bit.o
  CC      lib/llist.o
  CC      lib/memweight.o
  CC      lib/kfifo.o
  CC      lib/string_helpers.o
  CC      lib/kstrtox.o
  CC      lib/pci_iomap.o
  LD      drivers/mmc/core/mmc_core.o
  LD      drivers/mmc/core/built-in.o
  LD      drivers/mmc/built-in.o
  CC      lib/iomap_copy.o
  CC      lib/devres.o
  CC      lib/hweight.o
  CC      lib/smp_processor_id.o
  CC      lib/bitrev.o
  CC      lib/crc-ccitt.o
  CC      lib/crc16.o
  HOSTCC  lib/gen_crc32table
  CC      lib/libcrc32c.o
  CC      lib/genalloc.o
  CC      lib/lzo/lzo1x_compress.o
  CC      lib/zlib_deflate/deflate.o
  CC      lib/lzo/lzo1x_decompress_safe.o
  CC      lib/zlib_deflate/deftree.o
  CC      lib/zlib_inflate/inffast.o
  LD      lib/lzo/lzo_compress.o
  LD      lib/lzo/lzo_decompress.o
  LD      lib/lzo/built-in.o
  CC      lib/textsearch.o
  CC      lib/zlib_deflate/deflate_syms.o
  CC      lib/zlib_inflate/inflate.o
  CC      lib/zlib_inflate/infutil.o
  CC      lib/ts_kmp.o
  CC      lib/zlib_inflate/inftrees.o
  CC      lib/ts_bm.o
  CC      lib/zlib_inflate/inflate_syms.o
  LD      lib/zlib_deflate/zlib_deflate.o
  LD      lib/zlib_deflate/built-in.o
  CC      lib/ts_fsm.o
  CC      lib/percpu_counter.o
  CC      lib/audit.o
  LD      lib/zlib_inflate/zlib_inflate.o
  LD      lib/zlib_inflate/built-in.o
  CC      lib/syscall.o
  CC      lib/nlattr.o
  CC      lib/cpu_rmap.o
  CC      lib/dynamic_queue_limits.o
  CC      lib/strncpy_from_user.o
  CC      lib/strnlen_user.o
  CC      lib/argv_split.o
  CC      lib/bug.o
  CC      lib/cmdline.o
  CC      lib/cpumask.o
  CC      lib/ctype.o
  CC      lib/dec_and_lock.o
  CC      lib/decompress.o
  CC      lib/decompress_inflate.o
  CC      lib/dump_stack.o
  CC      lib/earlycpio.o
  CC      lib/extable.o
  CC      lib/flex_proportions.o
  CC      lib/idr.o
  CC      lib/int_sqrt.o
  CC      lib/ioremap.o
  CC      lib/irq_regs.o
  CC      lib/is_single_threaded.o
  CC      lib/klist.o
  CC      lib/kobject.o
  CC      lib/kobject_uevent.o
  CC      lib/md5.o
  CC      lib/plist.o
  CC      lib/prio_heap.o
  CC      lib/proportions.o
  CC      lib/radix-tree.o
  CC      lib/ratelimit.o
  CC      lib/rbtree.o
  CC      lib/reciprocal_div.o
  CC      lib/rwsem-spinlock.o
  CC      lib/sha1.o
  CC      lib/show_mem.o
  CC      lib/string.o
  CC      lib/timerqueue.o
  CC      lib/vsprintf.o
  GEN     lib/crc32table.h
  CC      lib/crc32.o
  LD      lib/built-in.o
  AR      lib/lib.a
